Flow report for BeMicro_MAX10_top
Sat Feb 12 23:44:34 2022
Quartus Prime Version 21.1.0 Build 842 10/21/2021 SJ Lite Edition


---------------------
; Table of Contents ;
---------------------
  1. Legal Notice
  2. Flow Summary
  3. Flow Settings
  4. Flow Non-Default Global Settings
  5. Flow Elapsed Time
  6. Flow OS Summary
  7. Flow Log
  8. Flow Messages
  9. Flow Suppressed Messages



----------------
; Legal Notice ;
----------------
Copyright (C) 2021  Intel Corporation. All rights reserved.
Your use of Intel Corporation's design tools, logic functions 
and other software and tools, and any partner logic 
functions, and any output files from any of the foregoing 
(including device programming or simulation files), and any 
associated documentation or information are expressly subject 
to the terms and conditions of the Intel Program License 
Subscription Agreement, the Intel Quartus Prime License Agreement,
the Intel FPGA IP License Agreement, or other applicable license
agreement, including, without limitation, that your use is for
the sole purpose of programming logic devices manufactured by
Intel and sold by Intel or its authorized distributors.  Please
refer to the applicable agreement for further details, at
https://fpgasoftware.intel.com/eula.



+----------------------------------------------------------------------------------+
; Flow Summary                                                                     ;
+------------------------------------+---------------------------------------------+
; Flow Status                        ; Successful - Sat Feb 12 23:44:34 2022       ;
; Quartus Prime Version              ; 21.1.0 Build 842 10/21/2021 SJ Lite Edition ;
; Revision Name                      ; BeMicro_MAX10_top                           ;
; Top-level Entity Name              ; BeMicro_MAX10_top                           ;
; Family                             ; MAX 10                                      ;
; Device                             ; 10M08DAF484C8GES                            ;
; Timing Models                      ; Preliminary                                 ;
; Total logic elements               ; 983 / 8,064 ( 12 % )                        ;
;     Total combinational functions  ; 504 / 8,064 ( 6 % )                         ;
;     Dedicated logic registers      ; 805 / 8,064 ( 10 % )                        ;
; Total registers                    ; 805                                         ;
; Total pins                         ; 94 / 250 ( 38 % )                           ;
; Total virtual pins                 ; 0                                           ;
; Total memory bits                  ; 3,712 / 387,072 ( < 1 % )                   ;
; Embedded Multiplier 9-bit elements ; 0 / 48 ( 0 % )                              ;
; Total PLLs                         ; 1 / 2 ( 50 % )                              ;
; UFM blocks                         ; 0 / 1 ( 0 % )                               ;
; ADC blocks                         ; 0 / 1 ( 0 % )                               ;
+------------------------------------+---------------------------------------------+


+-----------------------------------------+
; Flow Settings                           ;
+-------------------+---------------------+
; Option            ; Setting             ;
+-------------------+---------------------+
; Start date & time ; 02/12/2022 23:43:24 ;
; Main task         ; Compilation         ;
; Revision Name     ; BeMicro_MAX10_top   ;
+-------------------+---------------------+


+---------------------------------------------------------------------------------------------------------------------------------------------------------------------------------+
; Flow Non-Default Global Settings                                                                                                                                                ;
+--------------------------------------+-------------------------------------------------------------------------------------+---------------+-------------+----------------------+
; Assignment Name                      ; Value                                                                               ; Default Value ; Entity Name ; Section Id           ;
+--------------------------------------+-------------------------------------------------------------------------------------+---------------+-------------+----------------------+
; COMPILER_SIGNATURE_ID                ; 8796748146838.164473820314190                                                       ; --            ; --          ; --                   ;
; EDA_DESIGN_ENTRY_SYNTHESIS_TOOL      ; Precision Synthesis                                                                 ; <None>        ; --          ; --                   ;
; EDA_INPUT_DATA_FORMAT                ; Vqm                                                                                 ; --            ; --          ; eda_design_synthesis ;
; EDA_LMF_FILE                         ; mentor.lmf                                                                          ; --            ; --          ; eda_design_synthesis ;
; EDA_OUTPUT_DATA_FORMAT               ; None                                                                                ; --            ; --          ; eda_simulation       ;
; EDA_RUN_TOOL_AUTOMATICALLY           ; Off                                                                                 ; --            ; --          ; eda_design_synthesis ;
; EDA_TIME_SCALE                       ; 1 ps                                                                                ; --            ; --          ; eda_simulation       ;
; ENABLE_SIGNALTAP                     ; On                                                                                  ; --            ; --          ; --                   ;
; FITTER_EFFORT                        ; Standard Fit                                                                        ; Auto Fit      ; --          ; --                   ;
; MAX_CORE_JUNCTION_TEMP               ; 85                                                                                  ; --            ; --          ; --                   ;
; MIN_CORE_JUNCTION_TEMP               ; 0                                                                                   ; --            ; --          ; --                   ;
; MISC_FILE                            ; ip/pll0_bb.v                                                                        ; --            ; --          ; --                   ;
; MISC_FILE                            ; ip/pll0.ppf                                                                         ; --            ; --          ; --                   ;
; MUX_RESTRUCTURE                      ; Off                                                                                 ; Auto          ; --          ; --                   ;
; NUM_PARALLEL_PROCESSORS              ; All                                                                                 ; --            ; --          ; --                   ;
; OPTIMIZATION_MODE                    ; Aggressive Performance                                                              ; Balanced      ; --          ; --                   ;
; OUTPUT_IO_TIMING_FAR_END_VMEAS       ; Half Signal Swing                                                                   ; --            ; --          ; --                   ;
; OUTPUT_IO_TIMING_FAR_END_VMEAS       ; Half Signal Swing                                                                   ; --            ; --          ; --                   ;
; OUTPUT_IO_TIMING_NEAR_END_VMEAS      ; Half Vccio                                                                          ; --            ; --          ; --                   ;
; OUTPUT_IO_TIMING_NEAR_END_VMEAS      ; Half Vccio                                                                          ; --            ; --          ; --                   ;
; PARTITION_COLOR                      ; -- (Not supported for targeted family)                                              ; --            ; --          ; Top                  ;
; PARTITION_FITTER_PRESERVATION_LEVEL  ; -- (Not supported for targeted family)                                              ; --            ; --          ; Top                  ;
; PARTITION_NETLIST_TYPE               ; -- (Not supported for targeted family)                                              ; --            ; --          ; Top                  ;
; PHYSICAL_SYNTHESIS_COMBO_LOGIC       ; On                                                                                  ; Off           ; --          ; --                   ;
; PHYSICAL_SYNTHESIS_REGISTER_RETIMING ; On                                                                                  ; Off           ; --          ; --                   ;
; PLACEMENT_EFFORT_MULTIPLIER          ; 4.0                                                                                 ; 1.0           ; --          ; --                   ;
; POWER_BOARD_THERMAL_MODEL            ; None (CONSERVATIVE)                                                                 ; --            ; --          ; --                   ;
; POWER_PRESET_COOLING_SOLUTION        ; No Heat Sink With Still Air                                                         ; --            ; --          ; --                   ;
; POWER_USE_DEVICE_CHARACTERISTICS     ; MAXIMUM                                                                             ; TYPICAL       ; --          ; --                   ;
; PROJECT_OUTPUT_DIRECTORY             ; output_files                                                                        ; --            ; --          ; --                   ;
; ROUTER_TIMING_OPTIMIZATION_LEVEL     ; MAXIMUM                                                                             ; Normal        ; --          ; --                   ;
; SLD_FILE                             ; db/stp2_auto_stripped.stp                                                           ; --            ; --          ; --                   ;
; SLD_NODE_CREATOR_ID                  ; 110                                                                                 ; --            ; --          ; auto_signaltap_0     ;
; SLD_NODE_ENTITY_NAME                 ; sld_signaltap                                                                       ; --            ; --          ; auto_signaltap_0     ;
; SLD_NODE_PARAMETER_ASSIGNMENT        ; SLD_RAM_BLOCK_TYPE=AUTO                                                             ; --            ; --          ; auto_signaltap_0     ;
; SLD_NODE_PARAMETER_ASSIGNMENT        ; SLD_DATA_BITS=29                                                                    ; --            ; --          ; auto_signaltap_0     ;
; SLD_NODE_PARAMETER_ASSIGNMENT        ; SLD_TRIGGER_BITS=1                                                                  ; --            ; --          ; auto_signaltap_0     ;
; SLD_NODE_PARAMETER_ASSIGNMENT        ; SLD_STORAGE_QUALIFIER_BITS=29                                                       ; --            ; --          ; auto_signaltap_0     ;
; SLD_NODE_PARAMETER_ASSIGNMENT        ; SLD_NODE_INFO=805334528                                                             ; --            ; --          ; auto_signaltap_0     ;
; SLD_NODE_PARAMETER_ASSIGNMENT        ; SLD_POWER_UP_TRIGGER=0                                                              ; --            ; --          ; auto_signaltap_0     ;
; SLD_NODE_PARAMETER_ASSIGNMENT        ; SLD_STORAGE_QUALIFIER_INVERSION_MASK_LENGTH=0                                       ; --            ; --          ; auto_signaltap_0     ;
; SLD_NODE_PARAMETER_ASSIGNMENT        ; SLD_SEGMENT_SIZE=128                                                                ; --            ; --          ; auto_signaltap_0     ;
; SLD_NODE_PARAMETER_ASSIGNMENT        ; SLD_ATTRIBUTE_MEM_MODE=OFF                                                          ; --            ; --          ; auto_signaltap_0     ;
; SLD_NODE_PARAMETER_ASSIGNMENT        ; SLD_STATE_FLOW_USE_GENERATED=0                                                      ; --            ; --          ; auto_signaltap_0     ;
; SLD_NODE_PARAMETER_ASSIGNMENT        ; SLD_STATE_BITS=11                                                                   ; --            ; --          ; auto_signaltap_0     ;
; SLD_NODE_PARAMETER_ASSIGNMENT        ; SLD_BUFFER_FULL_STOP=1                                                              ; --            ; --          ; auto_signaltap_0     ;
; SLD_NODE_PARAMETER_ASSIGNMENT        ; SLD_CURRENT_RESOURCE_WIDTH=1                                                        ; --            ; --          ; auto_signaltap_0     ;
; SLD_NODE_PARAMETER_ASSIGNMENT        ; SLD_INCREMENTAL_ROUTING=1                                                           ; --            ; --          ; auto_signaltap_0     ;
; SLD_NODE_PARAMETER_ASSIGNMENT        ; SLD_TRIGGER_LEVEL=1                                                                 ; --            ; --          ; auto_signaltap_0     ;
; SLD_NODE_PARAMETER_ASSIGNMENT        ; SLD_SAMPLE_DEPTH=128                                                                ; --            ; --          ; auto_signaltap_0     ;
; SLD_NODE_PARAMETER_ASSIGNMENT        ; SLD_TRIGGER_IN_ENABLED=0                                                            ; --            ; --          ; auto_signaltap_0     ;
; SLD_NODE_PARAMETER_ASSIGNMENT        ; SLD_TRIGGER_PIPELINE=0                                                              ; --            ; --          ; auto_signaltap_0     ;
; SLD_NODE_PARAMETER_ASSIGNMENT        ; SLD_RAM_PIPELINE=5                                                                  ; --            ; --          ; auto_signaltap_0     ;
; SLD_NODE_PARAMETER_ASSIGNMENT        ; SLD_COUNTER_PIPELINE=0                                                              ; --            ; --          ; auto_signaltap_0     ;
; SLD_NODE_PARAMETER_ASSIGNMENT        ; SLD_TRIGGER_LEVEL_PIPELINE=1                                                        ; --            ; --          ; auto_signaltap_0     ;
; SLD_NODE_PARAMETER_ASSIGNMENT        ; SLD_INVERSION_MASK=000000000000000000000                                            ; --            ; --          ; auto_signaltap_0     ;
; SLD_NODE_PARAMETER_ASSIGNMENT        ; SLD_INVERSION_MASK_LENGTH=21                                                        ; --            ; --          ; auto_signaltap_0     ;
; SLD_NODE_PARAMETER_ASSIGNMENT        ; SLD_ADVANCED_TRIGGER_ENTITY=sld_reserved_BeMicro_MAX10_top_auto_signaltap_0_1_58a0, ; --            ; --          ; auto_signaltap_0     ;
; SLD_NODE_PARAMETER_ASSIGNMENT        ; SLD_ENABLE_ADVANCED_TRIGGER=1                                                       ; --            ; --          ; auto_signaltap_0     ;
; STATE_MACHINE_PROCESSING             ; One-Hot                                                                             ; Auto          ; --          ; --                   ;
; USE_SIGNALTAP_FILE                   ; output_files/stp2.stp                                                               ; --            ; --          ; --                   ;
+--------------------------------------+-------------------------------------------------------------------------------------+---------------+-------------+----------------------+


+--------------------------------------------------------------------------------------------------------------------------+
; Flow Elapsed Time                                                                                                        ;
+----------------------+--------------+-------------------------+---------------------+------------------------------------+
; Module Name          ; Elapsed Time ; Average Processors Used ; Peak Virtual Memory ; Total CPU Time (on all processors) ;
+----------------------+--------------+-------------------------+---------------------+------------------------------------+
; Analysis & Synthesis ; 00:00:41     ; 1.0                     ; 478 MB              ; 00:00:56                           ;
; Fitter               ; 00:00:18     ; 1.1                     ; 792 MB              ; 00:00:20                           ;
; Assembler            ; 00:00:04     ; 1.0                     ; 366 MB              ; 00:00:04                           ;
; Total                ; 00:01:03     ; --                      ; --                  ; 00:01:20                           ;
+----------------------+--------------+-------------------------+---------------------+------------------------------------+


+------------------------------------------------------------------------------------+
; Flow OS Summary                                                                    ;
+----------------------+------------------+------------+------------+----------------+
; Module Name          ; Machine Hostname ; OS Name    ; OS Version ; Processor type ;
+----------------------+------------------+------------+------------+----------------+
; Analysis & Synthesis ; quartus-linux    ; Linux Mint ; 20         ; x86_64         ;
; Fitter               ; quartus-linux    ; Linux Mint ; 20         ; x86_64         ;
; Assembler            ; quartus-linux    ; Linux Mint ; 20         ; x86_64         ;
+----------------------+------------------+------------+------------+----------------+


------------
; Flow Log ;
------------
quartus_map --read_settings_files=on --write_settings_files=off BeMicro_MAX10_top -c BeMicro_MAX10_top
quartus_fit --read_settings_files=off --write_settings_files=off BeMicro_MAX10_top -c BeMicro_MAX10_top
quartus_asm --read_settings_files=off --write_settings_files=off BeMicro_MAX10_top -c BeMicro_MAX10_top



